<?xml version="1.0" encoding="UTF-8"?>
<testng-results skipped="0" failed="0" total="1" passed="1">
  <reporter-output>
  </reporter-output>
  <suite name="Suite" duration-ms="254221" started-at="2015-10-30T11:23:14Z" finished-at="2015-10-30T11:27:28Z">
    <groups>
    </groups>
    <test name="Test" duration-ms="254221" started-at="2015-10-30T11:23:14Z" finished-at="2015-10-30T11:27:28Z">
      <class name="HTM.HotelManage">
        <test-method status="PASS" signature="initialDriver()[pri:0, instance:HTM.HotelManage@4ec6a292]" name="initialDriver" duration-ms="254184" started-at="2015-10-30T04:23:14Z" finished-at="2015-10-30T04:27:28Z">
          <reporter-output>
          </reporter-output>
        </test-method> <!-- initialDriver -->
      </class> <!-- HTM.HotelManage -->
    </test> <!-- Test -->
  </suite> <!-- Suite -->
</testng-results>
